# JRE version: OpenJDK Runtime Environment (9.0) (build 9-internal+0-2016-04-14-195246.buildd.src)
# Java VM: OpenJDK 64-Bit Server VM (9-internal+0-2016-04-14-195246.buildd.src, mixed mode, tiered, compressed oops, g1 gc, linux-amd64)
Heap:
 garbage-first heap   total 542720K, used 46292K [0x00000006c7000000, 0x00000006c7101090, 0x00000007c0000000)
  region size 1024K, 34 young (34816K), 5 survivors (5120K)
 Metaspace       used 11104K, capacity 11534K, committed 11648K, reserved 1058816K
  class space    used 1248K, capacity 1374K, committed 1408K, reserved 1048576K
GC Heap History (10 events):
Event: 0.392 GC heap before
{Heap before GC invocations=2 (full 0):
 garbage-first heap   total 256000K, used 15029K [0x00000006c7000000, 0x00000006c71007d0, 0x00000007c0000000)
  region size 1024K, 12 young (12288K), 10 survivors (10240K)
 Metaspace       used 5667K, capacity 5790K, committed 6016K, reserved 1056768K
  class space    used 575K, capacity 628K, committed 640K, reserved 1048576K
}
Event: 0.408 GC heap after
{Heap after GC invocations=3 (full 0):
 garbage-first heap   total 256000K, used 13450K [0x00000006c7000000, 0x00000006c71007d0, 0x00000007c0000000)
  region size 1024K, 1 young (1024K), 1 survivors (1024K)
 Metaspace       used 5667K, capacity 5790K, committed 6016K, reserved 1056768K
  class space    used 575K, capacity 628K, committed 640K, reserved 1048576K
}
Event: 0.414 GC heap before
{Heap before GC invocations=3 (full 0):
 garbage-first heap   total 256000K, used 24714K [0x00000006c7000000, 0x00000006c71007d0, 0x00000007c0000000)
  region size 1024K, 12 young (12288K), 1 survivors (1024K)
 Metaspace       used 5667K, capacity 5790K, committed 6016K, reserved 1056768K
  class space    used 575K, capacity 628K, committed 640K, reserved 1048576K
}
Event: 0.425 GC heap after
{Heap after GC invocations=4 (full 0):
 garbage-first heap   total 256000K, used 13936K [0x00000006c7000000, 0x00000006c71007d0, 0x00000007c0000000)
  region size 1024K, 1 young (1024K), 1 survivors (1024K)
 Metaspace       used 5667K, capacity 5790K, committed 6016K, reserved 1056768K
  class space    used 575K, capacity 628K, committed 640K, reserved 1048576K
}
Event: 0.431 GC heap before
{Heap before GC invocations=4 (full 0):
 garbage-first heap   total 256000K, used 25200K [0x00000006c7000000, 0x00000006c71007d0, 0x00000007c0000000)
  region size 1024K, 12 young (12288K), 1 survivors (1024K)
 Metaspace       used 5668K, capacity 5790K, committed 6016K, reserved 1056768K
  class space    used 575K, capacity 628K, committed 640K, reserved 1048576K
}
Event: 0.439 GC heap after
{Heap after GC invocations=5 (full 0):
 garbage-first heap   total 542720K, used 14324K [0x00000006c7000000, 0x00000006c7101090, 0x00000007c0000000)
  region size 1024K, 2 young (2048K), 2 survivors (2048K)
 Metaspace       used 5668K, capacity 5790K, committed 6016K, reserved 1056768K
  class space    used 575K, capacity 628K, committed 640K, reserved 1048576K
}
Event: 0.454 GC heap before
{Heap before GC invocations=5 (full 0):
 garbage-first heap   total 542720K, used 38900K [0x00000006c7000000, 0x00000006c7101090, 0x00000007c0000000)
  region size 1024K, 26 young (26624K), 2 survivors (2048K)
 Metaspace       used 5668K, capacity 5790K, committed 6016K, reserved 1056768K
  class space    used 575K, capacity 628K, committed 640K, reserved 1048576K
}
Event: 0.462 GC heap after
{Heap after GC invocations=6 (full 0):
 garbage-first heap   total 542720K, used 15796K [0x00000006c7000000, 0x00000006c7101090, 0x00000007c0000000)
  region size 1024K, 3 young (3072K), 3 survivors (3072K)
 Metaspace       used 5668K, capacity 5790K, committed 6016K, reserved 1056768K
  class space    used 575K, capacity 628K, committed 640K, reserved 1048576K
}
Event: 0.474 GC heap before
{Heap before GC invocations=6 (full 0):
 garbage-first heap   total 542720K, used 47540K [0x00000006c7000000, 0x00000006c7101090, 0x00000007c0000000)
  region size 1024K, 34 young (34816K), 3 survivors (3072K)
 Metaspace       used 5670K, capacity 5790K, committed 6016K, reserved 1056768K
  class space    used 575K, capacity 628K, committed 640K, reserved 1048576K
}
Event: 0.486 GC heap after
{Heap after GC invocations=7 (full 0):
 garbage-first heap   total 542720K, used 17620K [0x00000006c7000000, 0x00000006c7101090, 0x00000007c0000000)
  region size 1024K, 5 young (5120K), 5 survivors (5120K)
 Metaspace       used 5670K, capacity 5790K, committed 6016K, reserved 1056768K
  class space    used 575K, capacity 628K, committed 640K, reserved 1048576K
}

