# JRE version: OpenJDK Runtime Environment (9.0) (build 9-internal+0-2016-04-14-195246.buildd.src)
# Java VM: OpenJDK 64-Bit Server VM (9-internal+0-2016-04-14-195246.buildd.src, mixed mode, tiered, compressed oops, g1 gc, linux-amd64)
Heap:
 garbage-first heap   total 512000K, used 43247K [0x00000006c7000000, 0x00000006c7100fa0, 0x00000007c0000000)
  region size 1024K, 31 young (31744K), 5 survivors (5120K)
 Metaspace       used 11116K, capacity 11530K, committed 11648K, reserved 1058816K
  class space    used 1248K, capacity 1374K, committed 1408K, reserved 1048576K
GC Heap History (10 events):
Event: 0.333 GC heap before
{Heap before GC invocations=2 (full 0):
 garbage-first heap   total 256000K, used 15107K [0x00000006c7000000, 0x00000006c71007d0, 0x00000007c0000000)
  region size 1024K, 12 young (12288K), 10 survivors (10240K)
 Metaspace       used 5669K, capacity 5786K, committed 6016K, reserved 1056768K
  class space    used 575K, capacity 628K, committed 640K, reserved 1048576K
}
Event: 0.347 GC heap after
{Heap after GC invocations=3 (full 0):
 garbage-first heap   total 256000K, used 13479K [0x00000006c7000000, 0x00000006c71007d0, 0x00000007c0000000)
  region size 1024K, 1 young (1024K), 1 survivors (1024K)
 Metaspace       used 5669K, capacity 5786K, committed 6016K, reserved 1056768K
  class space    used 575K, capacity 628K, committed 640K, reserved 1048576K
}
Event: 0.351 GC heap before
{Heap before GC invocations=3 (full 0):
 garbage-first heap   total 256000K, used 24743K [0x00000006c7000000, 0x00000006c71007d0, 0x00000007c0000000)
  region size 1024K, 12 young (12288K), 1 survivors (1024K)
 Metaspace       used 5669K, capacity 5786K, committed 6016K, reserved 1056768K
  class space    used 575K, capacity 628K, committed 640K, reserved 1048576K
}
Event: 0.359 GC heap after
{Heap after GC invocations=4 (full 0):
 garbage-first heap   total 256000K, used 13770K [0x00000006c7000000, 0x00000006c71007d0, 0x00000007c0000000)
  region size 1024K, 1 young (1024K), 1 survivors (1024K)
 Metaspace       used 5669K, capacity 5786K, committed 6016K, reserved 1056768K
  class space    used 575K, capacity 628K, committed 640K, reserved 1048576K
}
Event: 0.363 GC heap before
{Heap before GC invocations=4 (full 0):
 garbage-first heap   total 256000K, used 25034K [0x00000006c7000000, 0x00000006c71007d0, 0x00000007c0000000)
  region size 1024K, 12 young (12288K), 1 survivors (1024K)
 Metaspace       used 5669K, capacity 5786K, committed 6016K, reserved 1056768K
  class space    used 575K, capacity 628K, committed 640K, reserved 1048576K
}
Event: 0.370 GC heap after
{Heap after GC invocations=5 (full 0):
 garbage-first heap   total 512000K, used 14463K [0x00000006c7000000, 0x00000006c7100fa0, 0x00000007c0000000)
  region size 1024K, 2 young (2048K), 2 survivors (2048K)
 Metaspace       used 5669K, capacity 5786K, committed 6016K, reserved 1056768K
  class space    used 575K, capacity 628K, committed 640K, reserved 1048576K
}
Event: 0.379 GC heap before
{Heap before GC invocations=5 (full 0):
 garbage-first heap   total 512000K, used 38015K [0x00000006c7000000, 0x00000006c7100fa0, 0x00000007c0000000)
  region size 1024K, 25 young (25600K), 2 survivors (2048K)
 Metaspace       used 5669K, capacity 5786K, committed 6016K, reserved 1056768K
  class space    used 575K, capacity 628K, committed 640K, reserved 1048576K
}
Event: 0.387 GC heap after
{Heap after GC invocations=6 (full 0):
 garbage-first heap   total 512000K, used 15715K [0x00000006c7000000, 0x00000006c7100fa0, 0x00000007c0000000)
  region size 1024K, 3 young (3072K), 3 survivors (3072K)
 Metaspace       used 5669K, capacity 5786K, committed 6016K, reserved 1056768K
  class space    used 575K, capacity 628K, committed 640K, reserved 1048576K
}
Event: 0.399 GC heap before
{Heap before GC invocations=6 (full 0):
 garbage-first heap   total 512000K, used 50531K [0x00000006c7000000, 0x00000006c7100fa0, 0x00000007c0000000)
  region size 1024K, 37 young (37888K), 3 survivors (3072K)
 Metaspace       used 5671K, capacity 5786K, committed 6016K, reserved 1056768K
  class space    used 575K, capacity 628K, committed 640K, reserved 1048576K
}
Event: 0.410 GC heap after
{Heap after GC invocations=7 (full 0):
 garbage-first heap   total 512000K, used 17647K [0x00000006c7000000, 0x00000006c7100fa0, 0x00000007c0000000)
  region size 1024K, 5 young (5120K), 5 survivors (5120K)
 Metaspace       used 5671K, capacity 5786K, committed 6016K, reserved 1056768K
  class space    used 575K, capacity 628K, committed 640K, reserved 1048576K
}

